<?xml version="1.0" encoding="UTF-8"?>
<testsuites name="jest tests" tests="2" failures="0" errors="0" time="0.385">
  <testsuite name="undefined" errors="0" failures="0" skipped="0" timestamp="2025-04-03T00:31:11" time="0.357" tests="2">
    <testcase classname=" should respond with status 200 on &quot;/&quot; route" name=" should respond with status 200 on &quot;/&quot; route" time="0.073">
    </testcase>
    <testcase classname=" should serve static files from /images" name=" should serve static files from /images" time="0.013">
    </testcase>
  </testsuite>
</testsuites>